c:\users\arash_mahdavi\dropbox\graphics\graphics\debug\error.obj
c:\users\arash_mahdavi\dropbox\graphics\graphics\debug\glslprogram.obj
c:\users\arash_mahdavi\dropbox\graphics\graphics\debug\iomanager.obj
c:\users\arash_mahdavi\dropbox\graphics\graphics\debug\main.obj
c:\users\arash_mahdavi\dropbox\graphics\graphics\debug\mainrenderer.obj
c:\users\arash_mahdavi\dropbox\graphics\graphics\debug\sprite.obj
c:\users\arash_mahdavi\dropbox\graphics\graphics\debug\vertex.obj
c:\users\arash_mahdavi\dropbox\graphics\graphics\debug\volumetric_data.obj
c:\users\arash_mahdavi\dropbox\graphics\graphics\debug\vc100.pdb
c:\users\arash_mahdavi\dropbox\graphics\debug\graphics.ilk
c:\users\arash_mahdavi\dropbox\graphics\debug\graphics.exe
c:\users\arash_mahdavi\dropbox\graphics\graphics\debug\graphics.exe.intermediate.manifest
c:\users\arash_mahdavi\dropbox\graphics\debug\graphics.pdb
c:\users\amahdavi\documents\visual studio 2013\projects\graphics\graphics\debug\vc120.pdb
c:\users\amahdavi\documents\visual studio 2013\projects\graphics\graphics\debug\vc120.idb
c:\users\amahdavi\documents\visual studio 2013\projects\graphics\graphics\debug\main.obj
c:\users\amahdavi\documents\visual studio 2013\projects\graphics\graphics\debug\mainrenderer.obj
c:\users\amahdavi\documents\visual studio 2013\projects\graphics\graphics\debug\sprite.obj
c:\users\amahdavi\documents\visual studio 2013\projects\graphics\graphics\debug\volumetric_data.obj
c:\users\amahdavi\documents\visual studio 2013\projects\graphics\graphics\debug\error.obj
c:\users\amahdavi\documents\visual studio 2013\projects\graphics\graphics\debug\glslprogram.obj
c:\users\amahdavi\documents\visual studio 2013\projects\graphics\graphics\debug\vertex.obj
c:\users\amahdavi\documents\visual studio 2013\projects\graphics\graphics\debug\iomanager.obj
c:\users\amahdavi\dropbox\graphics\graphics\debug\vc120.pdb
c:\users\amahdavi\dropbox\graphics\graphics\debug\vc120.idb
c:\users\amahdavi\dropbox\graphics\graphics\debug\error.obj
c:\users\amahdavi\dropbox\graphics\graphics\debug\glslprogram.obj
c:\users\amahdavi\dropbox\graphics\graphics\debug\iomanager.obj
c:\users\amahdavi\dropbox\graphics\graphics\debug\main.obj
c:\users\amahdavi\dropbox\graphics\graphics\debug\mainrenderer.obj
c:\users\amahdavi\dropbox\graphics\graphics\debug\sprite.obj
c:\users\amahdavi\dropbox\graphics\graphics\debug\vertex.obj
c:\users\amahdavi\dropbox\graphics\graphics\debug\volumetric_data.obj
c:\users\tina\dropbox\graphics\graphics\debug\vc120.pdb
c:\users\tina\dropbox\graphics\graphics\debug\vc120.idb
c:\users\tina\dropbox\graphics\graphics\debug\error.obj
c:\users\tina\dropbox\graphics\graphics\debug\glslprogram.obj
c:\users\tina\dropbox\graphics\graphics\debug\main.obj
c:\users\tina\dropbox\graphics\graphics\debug\mainrenderer.obj
c:\users\tina\dropbox\graphics\graphics\debug\vertex.obj
c:\users\tina\dropbox\graphics\graphics\debug\volumetric_data.obj
c:\users\amahdavi\documents\visual studio 2013\projects\graphics\debug\graphics.ilk
c:\users\amahdavi\documents\visual studio 2013\projects\graphics\debug\graphics.exe
c:\users\amahdavi\documents\visual studio 2013\projects\graphics\debug\graphics.pdb
c:\users\amahdavi\dropbox\graphics\debug\graphics.ilk
c:\users\amahdavi\dropbox\graphics\debug\graphics.exe
c:\users\amahdavi\dropbox\graphics\debug\graphics.pdb
c:\users\tina\dropbox\graphics\debug\graphics.ilk
c:\users\tina\dropbox\graphics\debug\graphics.exe
c:\users\tina\dropbox\graphics\debug\graphics.pdb
c:\users\tina\dropbox\graphics\graphics\debug\graphics.vcxprojresolveassemblyreference.cache
c:\users\tina\dropbox\graphics\graphics\debug\iomanager.obj
c:\users\tina\dropbox\graphics\graphics\debug\sprite.obj
c:\users\tina\dropbox\graphics\graphics\debug\cl.command.1.tlog
c:\users\tina\dropbox\graphics\graphics\debug\cl.read.1.tlog
c:\users\tina\dropbox\graphics\graphics\debug\cl.write.1.tlog
c:\users\tina\dropbox\graphics\graphics\debug\graphics.write.1.tlog
c:\users\tina\dropbox\graphics\graphics\debug\link.command.1.tlog
c:\users\tina\dropbox\graphics\graphics\debug\link.read.1.tlog
c:\users\tina\dropbox\graphics\graphics\debug\link.write.1.tlog
c:\users\tina\dropbox\graphics\graphics\debug\mt.command.1.tlog
c:\users\tina\dropbox\graphics\graphics\debug\mt.read.1.tlog
c:\users\tina\dropbox\graphics\graphics\debug\mt.write.1.tlog
c:\users\tina\dropbox\graphics\graphics\debug\graphics.exe.intermediate.manifest
c:\users\tina\dropbox\graphics\graphics\debug\vc100.idb
c:\users\tina\dropbox\graphics\graphics\debug\vc100.pdb
c:\users\tina\dropbox\graphics\graphics\debug\graphics.tlog\cl.command.1.tlog
c:\users\tina\dropbox\graphics\graphics\debug\graphics.tlog\cl.read.1.tlog
c:\users\tina\dropbox\graphics\graphics\debug\graphics.tlog\cl.write.1.tlog
c:\users\tina\dropbox\graphics\graphics\debug\graphics.tlog\link.command.1.tlog
c:\users\tina\dropbox\graphics\graphics\debug\graphics.tlog\link.read.1.tlog
c:\users\tina\dropbox\graphics\graphics\debug\graphics.tlog\link.write.1.tlog
