Build started 23/09/2015 3:19:01 PM.
     1>Project "C:\Users\arash_mahdavi\Dropbox\Graphics\Graphics\Graphics.vcxproj" on node 2 (build target(s)).
       Project file contains ToolsVersion="12.0". This toolset may be unknown or missing, in which case you may be able to resolve this by installing the appropriate version of MSBuild, or the build may have been forced to a particular ToolsVersion for policy reasons. Treating the project as if it had ToolsVersion="4.0". For more information, please see http://go.microsoft.com/fwlink/?LinkId=291333.
     1>InitializeBuildStatus:
         Touching "Debug\Graphics.unsuccessfulbuild".
       ClCompile:
         c:\Program Files (x86)\Microsoft Visual Studio 10.0\VC\bin\CL.exe /c /ZI /nologo /W3 /WX- /Od /Oy- /D _CRT_SECURE_NO_DEPRECATE /D _MBCS /Gm /EHsc /RTC1 /MDd /GS /fp:precise /Zc:wchar_t /Zc:forScope /Fo"Debug\\" /Fd"Debug\vc100.pdb" /Gd /TP /analyze- /errorReport:prompt GLSLProgram.cpp MainRenderer.cpp main.cpp
         main.cpp
     1>c:\users\arash_mahdavi\dropbox\graphics\graphics\volumetric_data.h(4): warning C4005: '_CRT_SECURE_NO_DEPRECATE' : macro redefinition
                 command-line arguments :  see previous definition of '_CRT_SECURE_NO_DEPRECATE'
         MainRenderer.cpp
     1>c:\users\arash_mahdavi\dropbox\graphics\graphics\volumetric_data.h(4): warning C4005: '_CRT_SECURE_NO_DEPRECATE' : macro redefinition
                 command-line arguments :  see previous definition of '_CRT_SECURE_NO_DEPRECATE'
     1>c:\users\arash_mahdavi\dropbox\graphics\graphics\mainrenderer.cpp(13): warning C4482: nonstandard extension used: enum 'RenderState' used in qualified name
     1>c:\users\arash_mahdavi\dropbox\graphics\graphics\mainrenderer.cpp(25): warning C4244: 'argument' : conversion from 'float' to 'int', possible loss of data
     1>c:\users\arash_mahdavi\dropbox\graphics\graphics\mainrenderer.cpp(25): warning C4244: 'argument' : conversion from 'float' to 'int', possible loss of data
     1>c:\users\arash_mahdavi\dropbox\graphics\graphics\mainrenderer.cpp(25): warning C4244: 'argument' : conversion from 'float' to 'int', possible loss of data
     1>c:\users\arash_mahdavi\dropbox\graphics\graphics\mainrenderer.cpp(25): warning C4244: 'argument' : conversion from 'float' to 'int', possible loss of data
     1>c:\users\arash_mahdavi\dropbox\graphics\graphics\mainrenderer.cpp(59): warning C4482: nonstandard extension used: enum 'RenderState' used in qualified name
     1>c:\users\arash_mahdavi\dropbox\graphics\graphics\mainrenderer.cpp(75): warning C4482: nonstandard extension used: enum 'RenderState' used in qualified name
         GLSLProgram.cpp
         Generating Code...
       Link:
         c:\Program Files (x86)\Microsoft Visual Studio 10.0\VC\bin\link.exe /ERRORREPORT:PROMPT /OUT:"C:\Users\arash_mahdavi\Dropbox\Graphics\Debug\Graphics.exe" /NOLOGO SDL2main.lib SDL2.lib opengl32.lib glew32.lib kernel32.lib user32.lib gdi32.lib winspool.lib comdlg32.lib advapi32.lib shell32.lib ole32.lib oleaut32.lib uuid.lib odbc32.lib odbccp32.lib /MANIFEST /ManifestFile:"Debug\Graphics.exe.intermediate.manifest" /MANIFESTUAC:"level='asInvoker' uiAccess='false'" /DEBUG /PDB:"C:\Users\arash_mahdavi\Dropbox\Graphics\Debug\Graphics.pdb" /SUBSYSTEM:CONSOLE /TLBID:1 /DYNAMICBASE /NXCOMPAT /IMPLIB:"C:\Users\arash_mahdavi\Dropbox\Graphics\Debug\Graphics.lib" /MACHINE:X86 Debug\Error.obj
         Debug\GLSLProgram.obj
         Debug\main.obj
         Debug\MainRenderer.obj
         Debug\Sprite.obj
         Debug\Vertex.obj
         Debug\Volumetric_Data.obj
         LINK : C:\Users\arash_mahdavi\Dropbox\Graphics\Debug\Graphics.exe not found or not built by the last incremental link; performing full link
     1>MSVCRTD.lib(cinitexe.obj) : warning LNK4098: defaultlib 'msvcrt.lib' conflicts with use of other libs; use /NODEFAULTLIB:library
         Graphics.vcxproj -> C:\Users\arash_mahdavi\Dropbox\Graphics\Debug\Graphics.exe
       Manifest:
         C:\Program Files (x86)\Microsoft SDKs\Windows\v7.0A\bin\mt.exe /nologo /verbose /outputresource:"C:\Users\arash_mahdavi\Dropbox\Graphics\Debug\Graphics.exe;#1" /manifest Debug\Graphics.exe.intermediate.manifest
       FinalizeBuildStatus:
         Deleting file "Debug\Graphics.unsuccessfulbuild".
         Touching "Debug\Graphics.lastbuildstate".
     1>Done Building Project "C:\Users\arash_mahdavi\Dropbox\Graphics\Graphics\Graphics.vcxproj" (build target(s)).

Build succeeded.

Time Elapsed 00:00:02.99
